{
"contracts/TrustMart.sol":{"l":{"43":21,"47":1,"52":4,"57":4,"70":4,"79":4,"80":4,"84":2,"89":4,"90":4,"91":4,"97":1,"102":0,"103":0,"104":0,"105":0,"106":0,"110":0},"path":"/home/harsh/projects/trustMart/backend/contracts/TrustMart.sol","s":{"1":1,"2":4,"3":4,"4":4,"5":2,"6":4,"7":4,"8":1,"9":0,"10":0,"11":0},"b":{"1":[4,0],"2":[2,2],"3":[4,0],"4":[0,0],"5":[0,0]},"f":{"1":21,"2":1,"3":4,"4":4,"5":2,"6":4,"7":1,"8":0},"fnMap":{"1":{"name":"constructor","line":42,"loc":{"start":{"line":42,"column":4},"end":{"line":44,"column":4}}},"2":{"name":"getOwner","line":46,"loc":{"start":{"line":46,"column":4},"end":{"line":48,"column":4}}},"3":{"name":"isSeller","line":51,"loc":{"start":{"line":51,"column":4},"end":{"line":58,"column":4}}},"4":{"name":"list","line":69,"loc":{"start":{"line":61,"column":4},"end":{"line":81,"column":4}}},"5":{"name":"getItem","line":83,"loc":{"start":{"line":83,"column":4},"end":{"line":85,"column":4}}},"6":{"name":"becomeSeller","line":88,"loc":{"start":{"line":88,"column":4},"end":{"line":92,"column":4}}},"7":{"name":"getSellerInfo","line":94,"loc":{"start":{"line":94,"column":4},"end":{"line":98,"column":4}}},"8":{"name":"buy","line":101,"loc":{"start":{"line":101,"column":4},"end":{"line":111,"column":4}}}},"statementMap":{"1":{"start":{"line":47,"column":8},"end":{"line":47,"column":20}},"2":{"start":{"line":52,"column":8},"end":{"line":52,"column":1412}},"3":{"start":{"line":70,"column":8},"end":{"line":70,"column":1798}},"4":{"start":{"line":80,"column":8},"end":{"line":80,"column":39}},"5":{"start":{"line":84,"column":8},"end":{"line":84,"column":25}},"6":{"start":{"line":89,"column":8},"end":{"line":89,"column":49}},"7":{"start":{"line":91,"column":8},"end":{"line":91,"column":48}},"8":{"start":{"line":97,"column":8},"end":{"line":97,"column":32}},"9":{"start":{"line":102,"column":8},"end":{"line":102,"column":76}},"10":{"start":{"line":103,"column":8},"end":{"line":103,"column":57}},"11":{"start":{"line":110,"column":8},"end":{"line":110,"column":57}}},"branchMap":{"1":{"line":52,"type":"if","locations":[{"start":{"line":52,"column":8},"end":{"line":52,"column":8}},{"start":{"line":52,"column":8},"end":{"line":52,"column":8}}]},"2":{"line":53,"type":"cond-expr","locations":[{"start":{"line":53,"column":12},"end":{"line":53,"column":30}},{"start":{"line":53,"column":35},"end":{"line":53,"column":60}}]},"3":{"line":69,"type":"if","locations":[{"start":{"line":69,"column":13},"end":{"line":69,"column":13}},{"start":{"line":69,"column":13},"end":{"line":69,"column":13}}]},"4":{"line":102,"type":"if","locations":[{"start":{"line":102,"column":8},"end":{"line":102,"column":8}},{"start":{"line":102,"column":8},"end":{"line":102,"column":8}}]},"5":{"line":103,"type":"if","locations":[{"start":{"line":103,"column":8},"end":{"line":103,"column":8}},{"start":{"line":103,"column":8},"end":{"line":103,"column":8}}]}}}}
