TN:
SF:/home/harsh/projects/trustMart/backend/contracts/TrustMart.sol
FN:42,constructor
FN:46,getOwner
FN:51,isSeller
FN:69,list
FN:83,getItem
FN:88,becomeSeller
FN:94,getSellerInfo
FN:101,buy
FNF:8
FNH:7
FNDA:21,constructor
FNDA:1,getOwner
FNDA:4,isSeller
FNDA:4,list
FNDA:2,getItem
FNDA:4,becomeSeller
FNDA:1,getSellerInfo
FNDA:0,buy
DA:43,21
DA:47,1
DA:52,4
DA:57,4
DA:70,4
DA:79,4
DA:80,4
DA:84,2
DA:89,4
DA:90,4
DA:91,4
DA:97,1
DA:102,0
DA:103,0
DA:104,0
DA:105,0
DA:106,0
DA:110,0
LF:18
LH:12
BRDA:52,1,0,4
BRDA:52,1,1,0
BRDA:53,2,0,2
BRDA:53,2,1,2
BRDA:69,3,0,4
BRDA:69,3,1,0
BRDA:102,4,0,0
BRDA:102,4,1,0
BRDA:103,5,0,0
BRDA:103,5,1,0
BRF:10
BRH:4
end_of_record
